{"name": "Проверка создания питомца без параметра name", "status": "failed", "statusDetails": {"message": "AssertionError: assert 200 == 405\n +  where 200 = <Response [200]>.status_code", "trace": "self = <petstore_tests_api.tests.test_pet.TestPet object at 0x0000019DCCD43560>\ncreate_pet_data = {'name': '', 'photoUrls': ['https://placekitten.com/693/173'], 'status': 'available'}, param = 'name'\n\n    @allure.title('Проверка создания питомца без параметра {param}')\n    @pytest.mark.parametrize('param', ['name', 'photoUrls'])\n    def test_add_new_pet_without_required_param(self, create_pet_data, param):\n        with allure.step('Генерируем данные для создания питомца'):\n            pet = create_pet_data\n        with allure.step(f'Обнуляем параметр {param}'):\n            pet[f'{param}'] = ''\n        api = PetApi()\n        with allure.step('Отправляем запрос на создание питомца'):\n            response = api.add_new_pet(pet)\n        with allure.step('Проверяем код ответа'):\n>           assert response.status_code == 405\nE           assert 200 == 405\nE            +  where 200 = <Response [200]>.status_code\n\ntests\\test_pet.py:39: AssertionError"}, "steps": [{"name": "Генерируем данные для создания питомца", "status": "passed", "start": 1761162867026, "stop": 1761162867026}, {"name": "Обнуляем параметр name", "status": "passed", "start": 1761162867026, "stop": 1761162867027}, {"name": "Отправляем запрос на создание питомца", "status": "passed", "start": 1761162867027, "stop": 1761162868095}, {"name": "Проверяем код ответа", "status": "failed", "statusDetails": {"message": "AssertionError: assert 200 == 405\n +  where 200 = <Response [200]>.status_code\n", "trace": "  File \"C:\\Users\\Matros\\yandex\\petstore_tests_api\\tests\\test_pet.py\", line 39, in test_add_new_pet_without_required_param\n    assert response.status_code == 405\n"}, "start": 1761162868095, "stop": 1761162868095}], "parameters": [{"name": "param", "value": "'name'"}], "start": 1761162867026, "stop": 1761162868098, "uuid": "31c4edd0-d3fb-4642-acd6-334220a142e4", "historyId": "b184a2a31754a544216c473c2fc3572b", "testCaseId": "890b0871345aa46a5951596ffb40cc7f", "fullName": "tests.test_pet.TestPet#test_add_new_pet_without_required_param", "labels": [{"name": "suite", "value": "API тесты для pet"}, {"name": "parentSuite", "value": "tests"}, {"name": "subSuite", "value": "TestPet"}, {"name": "host", "value": "WIN-JNK1TSNO8A3"}, {"name": "thread", "value": "16028-MainThread"}, {"name": "framework", "value": "pytest"}, {"name": "language", "value": "cpython3"}, {"name": "package", "value": "tests.test_pet"}], "titlePath": ["tests", "test_pet.py", "TestPet"]}