{"name": "Проверка создания питомца без параметра photoUrls", "status": "failed", "statusDetails": {"message": "AssertionError: assert 500 == 405\n +  where 500 = <Response [500]>.status_code", "trace": "self = <petstore_tests_api.tests.test_pet.TestPet object at 0x0000019DCCD43E60>\ncreate_pet_data = {'name': 'Melissa', 'photoUrls': '', 'status': 'pending'}, param = 'photoUrls'\n\n    @allure.title('Проверка создания питомца без параметра {param}')\n    @pytest.mark.parametrize('param', ['name', 'photoUrls'])\n    def test_add_new_pet_without_required_param(self, create_pet_data, param):\n        with allure.step('Генерируем данные для создания питомца'):\n            pet = create_pet_data\n        with allure.step(f'Обнуляем параметр {param}'):\n            pet[f'{param}'] = ''\n        api = PetApi()\n        with allure.step('Отправляем запрос на создание питомца'):\n            response = api.add_new_pet(pet)\n        with allure.step('Проверяем код ответа'):\n>           assert response.status_code == 405\nE           assert 500 == 405\nE            +  where 500 = <Response [500]>.status_code\n\ntests\\test_pet.py:39: AssertionError"}, "steps": [{"name": "Генерируем данные для создания питомца", "status": "passed", "start": 1761162868287, "stop": 1761162868287}, {"name": "Обнуляем параметр photoUrls", "status": "passed", "start": 1761162868287, "stop": 1761162868287}, {"name": "Отправляем запрос на создание питомца", "status": "passed", "start": 1761162868287, "stop": 1761162869253}, {"name": "Проверяем код ответа", "status": "failed", "statusDetails": {"message": "AssertionError: assert 500 == 405\n +  where 500 = <Response [500]>.status_code\n", "trace": "  File \"C:\\Users\\Matros\\yandex\\petstore_tests_api\\tests\\test_pet.py\", line 39, in test_add_new_pet_without_required_param\n    assert response.status_code == 405\n"}, "start": 1761162869253, "stop": 1761162869254}], "parameters": [{"name": "param", "value": "'photoUrls'"}], "start": 1761162868287, "stop": 1761162869254, "uuid": "a1edb239-addf-4787-8045-d4d55a51986c", "historyId": "420df49137baa33b9454700cbdc5c1e1", "testCaseId": "890b0871345aa46a5951596ffb40cc7f", "fullName": "tests.test_pet.TestPet#test_add_new_pet_without_required_param", "labels": [{"name": "suite", "value": "API тесты для pet"}, {"name": "parentSuite", "value": "tests"}, {"name": "subSuite", "value": "TestPet"}, {"name": "host", "value": "WIN-JNK1TSNO8A3"}, {"name": "thread", "value": "16028-MainThread"}, {"name": "framework", "value": "pytest"}, {"name": "language", "value": "cpython3"}, {"name": "package", "value": "tests.test_pet"}], "titlePath": ["tests", "test_pet.py", "TestPet"]}